# JRE version: OpenJDK Runtime Environment (21.0.2+13) (build 21.0.2+13-58)
# Java VM: OpenJDK 64-Bit Server VM (21.0.2+13-58, mixed mode, sharing, tiered, compressed oops, compressed class ptrs, g1 gc, windows-amd64)
GC Precious Log:
 CardTable entry size: 512
 Card Set container configuration: InlinePtr #cards 5 size 8 Array Of Cards #cards 12 size 40 Howl #buckets 4 coarsen threshold 1843 Howl Bitmap #cards 512 size 80 coarsen threshold 460 Card regions per heap region 1 cards per card region 2048
 CPUs: 8 total, 8 available
 Memory: 8108M
 Large Page Support: Disabled
 NUMA Support: Disabled
 Compressed Oops: Enabled (32-bit)
 Heap Region Size: 1M
 Heap Min Capacity: 8M
 Heap Initial Capacity: 128M
 Heap Max Capacity: 2028M
 Pre-touch: Disabled
 Parallel Workers: 8
 Concurrent Workers: 2
 Concurrent Refinement Workers: 8
 Periodic GC: Disabled
Heap:
 garbage-first heap   total 171008K, used 93506K [0x0000000081400000, 0x0000000100000000)
  region size 1024K, 4 young (4096K), 4 survivors (4096K)
 Metaspace       used 25540K, committed 26048K, reserved 1114112K
  class space    used 2717K, committed 2944K, reserved 1048576K
GC Heap History (20 events):
Event: 28.716 GC heap after
{Heap after GC invocations=10 (full 0):
 garbage-first heap   total 131072K, used 64894K [0x0000000081400000, 0x0000000100000000)
  region size 1024K, 8 young (8192K), 8 survivors (8192K)
 Metaspace       used 23459K, committed 23936K, reserved 1114112K
  class space    used 2526K, committed 2752K, reserved 1048576K
}
Event: 29.455 GC heap before
{Heap before GC invocations=10 (full 0):
 garbage-first heap   total 131072K, used 84350K [0x0000000081400000, 0x0000000100000000)
  region size 1024K, 26 young (26624K), 8 survivors (8192K)
 Metaspace       used 23963K, committed 24320K, reserved 1114112K
  class space    used 2577K, committed 2752K, reserved 1048576K
}
Event: 29.474 GC heap after
{Heap after GC invocations=11 (full 0):
 garbage-first heap   total 131072K, used 71168K [0x0000000081400000, 0x0000000100000000)
  region size 1024K, 4 young (4096K), 4 survivors (4096K)
 Metaspace       used 23963K, committed 24320K, reserved 1114112K
  class space    used 2577K, committed 2752K, reserved 1048576K
}
Event: 30.704 GC heap before
{Heap before GC invocations=12 (full 0):
 garbage-first heap   total 131072K, used 114176K [0x0000000081400000, 0x0000000100000000)
  region size 1024K, 44 young (45056K), 4 survivors (4096K)
 Metaspace       used 24136K, committed 24576K, reserved 1114112K
  class space    used 2592K, committed 2752K, reserved 1048576K
}
Event: 30.717 GC heap after
{Heap after GC invocations=13 (full 0):
 garbage-first heap   total 131072K, used 78848K [0x0000000081400000, 0x0000000100000000)
  region size 1024K, 6 young (6144K), 6 survivors (6144K)
 Metaspace       used 24136K, committed 24576K, reserved 1114112K
  class space    used 2592K, committed 2752K, reserved 1048576K
}
Event: 30.996 GC heap before
{Heap before GC invocations=13 (full 0):
 garbage-first heap   total 131072K, used 113664K [0x0000000081400000, 0x0000000100000000)
  region size 1024K, 40 young (40960K), 6 survivors (6144K)
 Metaspace       used 24153K, committed 24576K, reserved 1114112K
  class space    used 2592K, committed 2752K, reserved 1048576K
}
Event: 31.013 GC heap after
{Heap after GC invocations=14 (full 0):
 garbage-first heap   total 131072K, used 86016K [0x0000000081400000, 0x0000000100000000)
  region size 1024K, 5 young (5120K), 5 survivors (5120K)
 Metaspace       used 24153K, committed 24576K, reserved 1114112K
  class space    used 2592K, committed 2752K, reserved 1048576K
}
Event: 31.687 GC heap before
{Heap before GC invocations=14 (full 0):
 garbage-first heap   total 131072K, used 113664K [0x0000000081400000, 0x0000000100000000)
  region size 1024K, 32 young (32768K), 5 survivors (5120K)
 Metaspace       used 24448K, committed 24832K, reserved 1114112K
  class space    used 2626K, committed 2816K, reserved 1048576K
}
Event: 31.704 GC heap after
{Heap after GC invocations=15 (full 0):
 garbage-first heap   total 158720K, used 95232K [0x0000000081400000, 0x0000000100000000)
  region size 1024K, 4 young (4096K), 4 survivors (4096K)
 Metaspace       used 24448K, committed 24832K, reserved 1114112K
  class space    used 2626K, committed 2816K, reserved 1048576K
}
Event: 32.646 GC heap before
{Heap before GC invocations=16 (full 0):
 garbage-first heap   total 158720K, used 130048K [0x0000000081400000, 0x0000000100000000)
  region size 1024K, 42 young (43008K), 4 survivors (4096K)
 Metaspace       used 25449K, committed 25920K, reserved 1114112K
  class space    used 2716K, committed 2880K, reserved 1048576K
}
Event: 32.662 GC heap after
{Heap after GC invocations=17 (full 0):
 garbage-first heap   total 158720K, used 99328K [0x0000000081400000, 0x0000000100000000)
  region size 1024K, 6 young (6144K), 6 survivors (6144K)
 Metaspace       used 25449K, committed 25920K, reserved 1114112K
  class space    used 2716K, committed 2880K, reserved 1048576K
}
Event: 32.954 GC heap before
{Heap before GC invocations=17 (full 0):
 garbage-first heap   total 158720K, used 135168K [0x0000000081400000, 0x0000000100000000)
  region size 1024K, 41 young (41984K), 6 survivors (6144K)
 Metaspace       used 25502K, committed 25920K, reserved 1114112K
  class space    used 2717K, committed 2880K, reserved 1048576K
}
Event: 32.973 GC heap after
{Heap after GC invocations=18 (full 0):
 garbage-first heap   total 158720K, used 105391K [0x0000000081400000, 0x0000000100000000)
  region size 1024K, 6 young (6144K), 6 survivors (6144K)
 Metaspace       used 25502K, committed 25920K, reserved 1114112K
  class space    used 2717K, committed 2880K, reserved 1048576K
}
Event: 33.182 GC heap before
{Heap before GC invocations=18 (full 0):
 garbage-first heap   total 158720K, used 137135K [0x0000000081400000, 0x0000000100000000)
  region size 1024K, 37 young (37888K), 6 survivors (6144K)
 Metaspace       used 25506K, committed 25984K, reserved 1114112K
  class space    used 2717K, committed 2944K, reserved 1048576K
}
Event: 33.198 GC heap after
{Heap after GC invocations=19 (full 0):
 garbage-first heap   total 158720K, used 111616K [0x0000000081400000, 0x0000000100000000)
  region size 1024K, 5 young (5120K), 5 survivors (5120K)
 Metaspace       used 25506K, committed 25984K, reserved 1114112K
  class space    used 2717K, committed 2944K, reserved 1048576K
}
Event: 33.452 GC heap before
{Heap before GC invocations=20 (full 0):
 garbage-first heap   total 171008K, used 117760K [0x0000000081400000, 0x0000000100000000)
  region size 1024K, 32 young (32768K), 5 survivors (5120K)
 Metaspace       used 25517K, committed 25984K, reserved 1114112K
  class space    used 2717K, committed 2944K, reserved 1048576K
}
Event: 33.464 GC heap after
{Heap after GC invocations=21 (full 0):
 garbage-first heap   total 171008K, used 94553K [0x0000000081400000, 0x0000000100000000)
  region size 1024K, 4 young (4096K), 4 survivors (4096K)
 Metaspace       used 25517K, committed 25984K, reserved 1114112K
  class space    used 2717K, committed 2944K, reserved 1048576K
}
Event: 33.804 GC heap before
{Heap before GC invocations=21 (full 0):
 garbage-first heap   total 171008K, used 141657K [0x0000000081400000, 0x0000000100000000)
  region size 1024K, 50 young (51200K), 4 survivors (4096K)
 Metaspace       used 25527K, committed 25984K, reserved 1114112K
  class space    used 2717K, committed 2944K, reserved 1048576K
}
Event: 33.822 GC heap after
{Heap after GC invocations=22 (full 0):
 garbage-first heap   total 171008K, used 89911K [0x0000000081400000, 0x0000000100000000)
  region size 1024K, 7 young (7168K), 7 survivors (7168K)
 Metaspace       used 25527K, committed 25984K, reserved 1114112K
  class space    used 2717K, committed 2944K, reserved 1048576K
}
Event: 34.609 GC heap before
{Heap before GC invocations=22 (full 0):
 garbage-first heap   total 171008K, used 124727K [0x0000000081400000, 0x0000000100000000)
  region size 1024K, 42 young (43008K), 7 survivors (7168K)
 Metaspace       used 25540K, committed 26048K, reserved 1114112K
  class space    used 2717K, committed 2944K, reserved 1048576K
}

