# JRE version: OpenJDK Runtime Environment (21.0.2+13) (build 21.0.2+13-58)
# Java VM: OpenJDK 64-Bit Server VM (21.0.2+13-58, mixed mode, sharing, tiered, compressed oops, compressed class ptrs, g1 gc, windows-amd64)
GC Precious Log:
 CardTable entry size: 512
 Card Set container configuration: InlinePtr #cards 5 size 8 Array Of Cards #cards 12 size 40 Howl #buckets 4 coarsen threshold 1843 Howl Bitmap #cards 512 size 80 coarsen threshold 460 Card regions per heap region 1 cards per card region 2048
 CPUs: 8 total, 8 available
 Memory: 8108M
 Large Page Support: Disabled
 NUMA Support: Disabled
 Compressed Oops: Enabled (32-bit)
 Heap Region Size: 1M
 Heap Min Capacity: 8M
 Heap Initial Capacity: 128M
 Heap Max Capacity: 2028M
 Pre-touch: Disabled
 Parallel Workers: 8
 Concurrent Workers: 2
 Concurrent Refinement Workers: 8
 Periodic GC: Disabled
Heap:
 garbage-first heap   total 215040K, used 102360K [0x0000000081400000, 0x0000000100000000)
  region size 1024K, 12 young (12288K), 8 survivors (8192K)
 Metaspace       used 25626K, committed 26112K, reserved 1114112K
  class space    used 2717K, committed 2944K, reserved 1048576K
GC Heap History (20 events):
Event: 11.295 GC heap before
{Heap before GC invocations=6 (full 0):
 garbage-first heap   total 131072K, used 88064K [0x0000000081400000, 0x0000000100000000)
  region size 1024K, 55 young (56320K), 10 survivors (10240K)
 Metaspace       used 21244K, committed 21504K, reserved 1114112K
  class space    used 2296K, committed 2432K, reserved 1048576K
}
Event: 11.321 GC heap after
{Heap after GC invocations=7 (full 0):
 garbage-first heap   total 131072K, used 46080K [0x0000000081400000, 0x0000000100000000)
  region size 1024K, 4 young (4096K), 4 survivors (4096K)
 Metaspace       used 21244K, committed 21504K, reserved 1114112K
  class space    used 2296K, committed 2432K, reserved 1048576K
}
Event: 12.228 GC heap before
{Heap before GC invocations=8 (full 0):
 garbage-first heap   total 131072K, used 105472K [0x0000000081400000, 0x0000000100000000)
  region size 1024K, 62 young (63488K), 4 survivors (4096K)
 Metaspace       used 23440K, committed 23936K, reserved 1114112K
  class space    used 2527K, committed 2752K, reserved 1048576K
}
Event: 12.251 GC heap after
{Heap after GC invocations=9 (full 0):
 garbage-first heap   total 131072K, used 55296K [0x0000000081400000, 0x0000000100000000)
  region size 1024K, 8 young (8192K), 8 survivors (8192K)
 Metaspace       used 23440K, committed 23936K, reserved 1114112K
  class space    used 2527K, committed 2752K, reserved 1048576K
}
Event: 12.695 GC heap before
{Heap before GC invocations=9 (full 0):
 garbage-first heap   total 131072K, used 106496K [0x0000000081400000, 0x0000000100000000)
  region size 1024K, 58 young (59392K), 8 survivors (8192K)
 Metaspace       used 23477K, committed 23936K, reserved 1114112K
  class space    used 2528K, committed 2752K, reserved 1048576K
}
Event: 12.734 GC heap after
{Heap after GC invocations=10 (full 0):
 garbage-first heap   total 157696K, used 64000K [0x0000000081400000, 0x0000000100000000)
  region size 1024K, 8 young (8192K), 8 survivors (8192K)
 Metaspace       used 23477K, committed 23936K, reserved 1114112K
  class space    used 2528K, committed 2752K, reserved 1048576K
}
Event: 14.334 GC heap before
{Heap before GC invocations=10 (full 0):
 garbage-first heap   total 157696K, used 131584K [0x0000000081400000, 0x0000000100000000)
  region size 1024K, 70 young (71680K), 8 survivors (8192K)
 Metaspace       used 24140K, committed 24576K, reserved 1114112K
  class space    used 2594K, committed 2816K, reserved 1048576K
}
Event: 14.356 GC heap after
{Heap after GC invocations=11 (full 0):
 garbage-first heap   total 157696K, used 80384K [0x0000000081400000, 0x0000000100000000)
  region size 1024K, 9 young (9216K), 9 survivors (9216K)
 Metaspace       used 24140K, committed 24576K, reserved 1114112K
  class space    used 2594K, committed 2816K, reserved 1048576K
}
Event: 14.657 GC heap before
{Heap before GC invocations=11 (full 0):
 garbage-first heap   total 157696K, used 130560K [0x0000000081400000, 0x0000000100000000)
  region size 1024K, 58 young (59392K), 9 survivors (9216K)
 Metaspace       used 24160K, committed 24640K, reserved 1114112K
  class space    used 2594K, committed 2816K, reserved 1048576K
}
Event: 14.679 GC heap after
{Heap after GC invocations=12 (full 0):
 garbage-first heap   total 157696K, used 92672K [0x0000000081400000, 0x0000000100000000)
  region size 1024K, 8 young (8192K), 8 survivors (8192K)
 Metaspace       used 24160K, committed 24640K, reserved 1114112K
  class space    used 2594K, committed 2816K, reserved 1048576K
}
Event: 15.998 GC heap before
{Heap before GC invocations=13 (full 0):
 garbage-first heap   total 157696K, used 126464K [0x0000000081400000, 0x0000000100000000)
  region size 1024K, 47 young (48128K), 8 survivors (8192K)
 Metaspace       used 24748K, committed 25216K, reserved 1114112K
  class space    used 2657K, committed 2880K, reserved 1048576K
}
Event: 16.022 GC heap after
{Heap after GC invocations=14 (full 0):
 garbage-first heap   total 157696K, used 98304K [0x0000000081400000, 0x0000000100000000)
  region size 1024K, 6 young (6144K), 6 survivors (6144K)
 Metaspace       used 24748K, committed 25216K, reserved 1114112K
  class space    used 2657K, committed 2880K, reserved 1048576K
}
Event: 16.471 GC heap before
{Heap before GC invocations=14 (full 0):
 garbage-first heap   total 157696K, used 133120K [0x0000000081400000, 0x0000000100000000)
  region size 1024K, 40 young (40960K), 6 survivors (6144K)
 Metaspace       used 25529K, committed 25920K, reserved 1114112K
  class space    used 2717K, committed 2880K, reserved 1048576K
}
Event: 16.492 GC heap after
{Heap after GC invocations=15 (full 0):
 garbage-first heap   total 157696K, used 103936K [0x0000000081400000, 0x0000000100000000)
  region size 1024K, 5 young (5120K), 5 survivors (5120K)
 Metaspace       used 25529K, committed 25920K, reserved 1114112K
  class space    used 2717K, committed 2880K, reserved 1048576K
}
Event: 16.729 GC heap before
{Heap before GC invocations=15 (full 0):
 garbage-first heap   total 157696K, used 135680K [0x0000000081400000, 0x0000000100000000)
  region size 1024K, 36 young (36864K), 5 survivors (5120K)
 Metaspace       used 25543K, committed 25984K, reserved 1114112K
  class space    used 2717K, committed 2944K, reserved 1048576K
}
Event: 16.741 GC heap after
{Heap after GC invocations=16 (full 0):
 garbage-first heap   total 215040K, used 109568K [0x0000000081400000, 0x0000000100000000)
  region size 1024K, 5 young (5120K), 5 survivors (5120K)
 Metaspace       used 25543K, committed 25984K, reserved 1114112K
  class space    used 2717K, committed 2944K, reserved 1048576K
}
Event: 17.249 GC heap before
{Heap before GC invocations=17 (full 0):
 garbage-first heap   total 215040K, used 150528K [0x0000000081400000, 0x0000000100000000)
  region size 1024K, 65 young (66560K), 5 survivors (5120K)
 Metaspace       used 25559K, committed 25984K, reserved 1114112K
  class space    used 2717K, committed 2944K, reserved 1048576K
}
Event: 17.264 GC heap after
{Heap after GC invocations=18 (full 0):
 garbage-first heap   total 215040K, used 101376K [0x0000000081400000, 0x0000000100000000)
  region size 1024K, 9 young (9216K), 9 survivors (9216K)
 Metaspace       used 25559K, committed 25984K, reserved 1114112K
  class space    used 2717K, committed 2944K, reserved 1048576K
}
Event: 19.158 GC heap before
{Heap before GC invocations=18 (full 0):
 garbage-first heap   total 215040K, used 171008K [0x0000000081400000, 0x0000000100000000)
  region size 1024K, 75 young (76800K), 9 survivors (9216K)
 Metaspace       used 25605K, committed 26112K, reserved 1114112K
  class space    used 2717K, committed 2944K, reserved 1048576K
}
Event: 19.176 GC heap after
{Heap after GC invocations=19 (full 0):
 garbage-first heap   total 215040K, used 99288K [0x0000000081400000, 0x0000000100000000)
  region size 1024K, 8 young (8192K), 8 survivors (8192K)
 Metaspace       used 25605K, committed 26112K, reserved 1114112K
  class space    used 2717K, committed 2944K, reserved 1048576K
}

